{
  "RSpec": {
    "coverage": {
      "/Users/apprentice/Dropbox/DavidLee/basecamp/app/models/user.rb": [
        1,
        null,
        null,
        null,
        1,
        null,
        null,
        null,
        1,
        null,
        null,
        1,
        null
      ],
      "/Users/apprentice/Dropbox/DavidLee/basecamp/app/controllers/application_controller.rb": [
        1,
        1,
        null
      ],
      "/Users/apprentice/Dropbox/DavidLee/basecamp/app/helpers/application_helper.rb": [
        1,
        null
      ],
      "/Users/apprentice/Dropbox/DavidLee/basecamp/app/helpers/projects_helper.rb": [
        1,
        null
      ],
      "/Users/apprentice/Dropbox/DavidLee/basecamp/app/controllers/projects_controller.rb": [
        1,
        null,
        1,
        3,
        null,
        null,
        1,
        null,
        null,
        null,
        1,
        null,
        null,
        1,
        null,
        null,
        1,
        4,
        null,
        null,
        1,
        1,
        null,
        null,
        1,
        2,
        2,
        1,
        1,
        null,
        1,
        null,
        null,
        null,
        null
      ],
      "/Users/apprentice/Dropbox/DavidLee/basecamp/app/models/project.rb": [
        1,
        1,
        null,
        1,
        1,
        1,
        1,
        null
      ]
    },
    "timestamp": 1343867301
  }
}
